Traceback (most recent call last):
  File "/home/ninja/anaconda3/lib/python3.8/site-packages/jupyter_cache/executors/utils.py", line 51, in single_nb_execution
    executenb(
  File "/home/ninja/anaconda3/lib/python3.8/site-packages/nbclient/client.py", line 1093, in execute
    return NotebookClient(nb=nb, resources=resources, km=km, **kwargs).execute()
  File "/home/ninja/anaconda3/lib/python3.8/site-packages/nbclient/util.py", line 84, in wrapped
    return just_run(coro(*args, **kwargs))
  File "/home/ninja/anaconda3/lib/python3.8/site-packages/nbclient/util.py", line 62, in just_run
    return loop.run_until_complete(coro)
  File "/home/ninja/anaconda3/lib/python3.8/asyncio/base_events.py", line 616, in run_until_complete
    return future.result()
  File "/home/ninja/anaconda3/lib/python3.8/site-packages/nbclient/client.py", line 559, in async_execute
    await self.async_execute_cell(
  File "/home/ninja/anaconda3/lib/python3.8/site-packages/nbclient/client.py", line 854, in async_execute_cell
    self._check_raise_for_error(cell, exec_reply)
  File "/home/ninja/anaconda3/lib/python3.8/site-packages/nbclient/client.py", line 756, in _check_raise_for_error
    raise CellExecutionError.from_cell_and_msg(cell, exec_reply_content)
nbclient.exceptions.CellExecutionError: An error occurred while executing the following cell:
------------------
print("Status:", LpStatus[prob.status])
print("Satisfação da galera = ", value(prob.objective),"\n")
print("Número de plantonistas em cada semana:")
display(result_df.sum(axis=0))
------------------

[0;31m---------------------------------------------------------------------------[0m
[0;31mNameError[0m                                 Traceback (most recent call last)
[0;32m/tmp/ipykernel_16672/4128416988.py[0m in [0;36m<module>[0;34m[0m
[0;32m----> 1[0;31m [0mprint[0m[0;34m([0m[0;34m"Status:"[0m[0;34m,[0m [0mLpStatus[0m[0;34m[[0m[0mprob[0m[0;34m.[0m[0mstatus[0m[0;34m][0m[0;34m)[0m[0;34m[0m[0;34m[0m[0m
[0m[1;32m      2[0m [0mprint[0m[0;34m([0m[0;34m"Satisfação da galera = "[0m[0;34m,[0m [0mvalue[0m[0;34m([0m[0mprob[0m[0;34m.[0m[0mobjective[0m[0;34m)[0m[0;34m,[0m[0;34m"\n"[0m[0;34m)[0m[0;34m[0m[0;34m[0m[0m
[1;32m      3[0m [0mprint[0m[0;34m([0m[0;34m"Número de plantonistas em cada semana:"[0m[0;34m)[0m[0;34m[0m[0;34m[0m[0m
[1;32m      4[0m [0mdisplay[0m[0;34m([0m[0mresult_df[0m[0;34m.[0m[0msum[0m[0;34m([0m[0maxis[0m[0;34m=[0m[0;36m0[0m[0;34m)[0m[0;34m)[0m[0;34m[0m[0;34m[0m[0m

[0;31mNameError[0m: name 'LpStatus' is not defined
NameError: name 'LpStatus' is not defined

